{"message":"\u001b[31munhandledRejection, reason: Error: Oops [object Promise]\u001b[39m","level":"\u001b[31merror\u001b[39m","timestamp":"2021-06-04 20:04:35"}
{"message":"\u001b[31munhandledRejection, reason: Error: Oops [object Promise]\u001b[39m","level":"\u001b[31merror\u001b[39m","timestamp":"06-04 20:04:40"}
{"message":"\u001b[31munhandledRejection, reason: Error: Oops [object Promise]\u001b[39m","level":"\u001b[31merror\u001b[39m","timestamp":"06-04 20:05:56"}
{"message":"\u001b[31munhandledRejection, reason: Error: Oops [object Promise]\u001b[39m","level":"\u001b[31merror\u001b[39m","timestamp":"06-04 20:06:11"}
{"message":"\u001b[31munhandledRejection, reason: Error: Oops [object Promise]\u001b[39m","level":"\u001b[31merror\u001b[39m","timestamp":"06-04 20:09:21"}
{"message":"\u001b[31munhandledRejection, reason: Error: Oops [object Promise]\u001b[39m","level":"\u001b[31merror\u001b[39m","timestamp":"06-04 20:09:39"}
{"message":"\u001b[31munhandledRejection, reason: Error: Oops [object Promise]\u001b[39m","level":"\u001b[31merror\u001b[39m","timestamp":"06-04 20:09:45"}
{"message":"\u001b[31munhandledRejection, reason: Error: Oops [object Promise]\u001b[39m","level":"\u001b[31merror\u001b[39m","timestamp":"06-04 20:09:48"}
{"message":"\u001b[31munhandledRejection, reason: Error: Oops [object Promise]\u001b[39m","level":"\u001b[31merror\u001b[39m","timestamp":"06-04 20:09:58"}
{"message":"\u001b[31munhandledRejection, reason: Error: Oops [object Promise]\u001b[39m","level":"\u001b[31merror\u001b[39m","timestamp":"06-04 20:10:26"}
{"message":"\u001b[31munhandledRejection, reason: Error: Oops [object Promise]\u001b[39m","level":"\u001b[31merror\u001b[39m","timestamp":"06-04 20:10:57"}
{"message":"\u001b[31munhandledRejection, reason: Error: Oops [object Promise]\u001b[39m","level":"\u001b[31merror\u001b[39m","timestamp":"06-04 20:13:50"}
{"message":"\u001b[31munhandledRejection, reason: Error: Oops [object Promise]\u001b[39m","level":"\u001b[31merror\u001b[39m","timestamp":"06-04 20:13:59"}
{"message":"\u001b[31munhandledRejection, reason: Error: Oops [object Promise]\u001b[39m","level":"\u001b[31merror\u001b[39m","timestamp":"06-04 20:14:04"}
{"message":"\u001b[31munhandledRejection, reason: Error: Oops [object Promise]\u001b[39m","level":"\u001b[31merror\u001b[39m","timestamp":"06-04 20:14:09"}
{"message":"\u001b[31munhandledRejection, reason: Error: Oops [object Promise]\u001b[39m","level":"\u001b[31merror\u001b[39m","timestamp":"06-04 20:14:16"}
{"message":"\u001b[31munhandledRejection, reason: Error: Oops [object Promise]\u001b[39m","level":"\u001b[31merror\u001b[39m","timestamp":"06-04 20:14:20"}
{"message":"\u001b[31munhandledRejection, reason: Error: Oops [object Promise]\u001b[39m","level":"\u001b[31merror\u001b[39m","timestamp":"06-04 20:14:31"}
{"message":"\u001b[31munhandledRejection, reason: Error: Oops [object Promise]\u001b[39m","level":"\u001b[31merror\u001b[39m","timestamp":"06-04 20:14:39"}
{"message":"\u001b[31munhandledRejection, reason: Error: Oops [object Promise]\u001b[39m","level":"\u001b[31merror\u001b[39m","timestamp":"06-04 20:14:42"}
{"message":"\u001b[31munhandledRejection, reason: Error: Oops [object Promise]\u001b[39m","level":"\u001b[31merror\u001b[39m","timestamp":"06-04 20:14:47"}
{"message":"\u001b[31munhandledRejection, reason: Error: Oops [object Promise]\u001b[39m","level":"\u001b[31merror\u001b[39m","timestamp":"06-04 20:14:52"}
{"message":"\u001b[31munhandledRejection, reason: Error: Oops [object Promise]\u001b[39m","level":"\u001b[31merror\u001b[39m","timestamp":"06-04 20:15:01"}
{"message":"\u001b[31munhandledRejection, reason: Error: Oops [object Promise]\u001b[39m","level":"\u001b[31merror\u001b[39m","timestamp":"06-04 20:18:01"}
{"message":"\u001b[31muncaughtException \"tokens.query is not a function\"\u001b[39m","level":"\u001b[31merror\u001b[39m","timestamp":"06-04 20:50:22"}
{"message":"\u001b[31muncaughtException \"tokens.body is not a function\"\u001b[39m","level":"\u001b[31merror\u001b[39m","timestamp":"06-04 20:50:44"}
{"message":"\u001b[31muncaughtException \"Cannot read property 'replace' of undefined\"\u001b[39m","level":"\u001b[31merror\u001b[39m","timestamp":"06-04 21:54:46"}
{"message":"\u001b[31muncaughtException \"Cannot read property 'replace' of undefined\"\u001b[39m","level":"\u001b[31merror\u001b[39m","timestamp":"06-04 21:55:26"}
{"message":"\u001b[31munhandledRejection, reason: TypeError: Cannot read property 'name' of undefined [object Promise]\u001b[39m","level":"\u001b[31merror\u001b[39m","timestamp":"06-04 21:55:39"}
{"message":"\u001b[31muncaughtException \"Cannot read property 'replace' of undefined\"\u001b[39m","level":"\u001b[31merror\u001b[39m","timestamp":"06-04 21:56:23"}
{"message":"\u001b[31munhandledRejection, reason: TypeError: Cannot read property 'name' of undefined [object Promise]\u001b[39m","level":"\u001b[31merror\u001b[39m","timestamp":"06-04 21:57:18"}
{"message":"\u001b[31munhandledRejection, reason: TypeError: Cannot read property 'name' of undefined [object Promise]\u001b[39m","level":"\u001b[31merror\u001b[39m","timestamp":"06-04 21:59:53"}
