{"message":"\u001b[35mGET 200 /boards/ Query params {} Body {\"title\":\"board\",\"columns\":[{\"id\":null,\"title\":\"Backlog\",\"order\":1},{\"id\":null,\"title\":\"Sprint\",\"order\":2}]} size 163 - 7.954 ms\u001b[39m\n\u001b[35m\u001b[39m","level":"\u001b[35mhttp\u001b[39m","timestamp":"06-08 12:33:33"}
{"message":"\u001b[35mGET 200 /boards/ Query params {} Body {\"title\":\"board\",\"columns\":[{\"id\":null,\"title\":\"Backlog\",\"order\":1},{\"id\":null,\"title\":\"Sprint\",\"order\":2}]} size 163 - 9.418 ms\u001b[39m\n\u001b[35m\u001b[39m","level":"\u001b[35mhttp\u001b[39m","timestamp":"06-08 12:44:48"}
{"message":"\u001b[31muncaughtException, reason: Error: listen EADDRINUSE: address already in use :::4000 uncaughtException\u001b[39m","level":"\u001b[31merror\u001b[39m","timestamp":"06-15 15:43:49"}
{"message":"\u001b[31muncaughtException, reason: Error: listen EADDRINUSE: address already in use :::4000 uncaughtException\u001b[39m","level":"\u001b[31merror\u001b[39m","timestamp":"06-15 15:44:29"}
{"message":"\u001b[35mGET 200 / Query params {} Body {} size 22 - 5.511 ms\u001b[39m\n\u001b[35m\u001b[39m","level":"\u001b[35mhttp\u001b[39m","timestamp":"06-15 15:44:29"}
{"message":"\u001b[35mGET 403 /favicon.ico Query params {} Body {} size 56 - 1.188 ms\u001b[39m\n\u001b[35m\u001b[39m","level":"\u001b[35mhttp\u001b[39m","timestamp":"06-15 15:44:29"}
{"message":"\u001b[31muncaughtException, reason: Error: listen EADDRINUSE: address already in use :::4000 uncaughtException\u001b[39m","level":"\u001b[31merror\u001b[39m","timestamp":"06-15 15:44:47"}
{"message":"\u001b[31munhandledRejection, reason: Error: Oops [object Promise]\u001b[39m","level":"\u001b[31merror\u001b[39m","timestamp":"06-15 15:51:57"}
{"message":"\u001b[35mGET 200 / Query params {} Body {} size 19 - 4.358 ms\u001b[39m\n\u001b[35m\u001b[39m","level":"\u001b[35mhttp\u001b[39m","timestamp":"06-15 16:04:31"}
{"message":"\u001b[35mGET 403 /favicon.ico Query params {} Body {} size 56 - 2.458 ms\u001b[39m\n\u001b[35m\u001b[39m","level":"\u001b[35mhttp\u001b[39m","timestamp":"06-15 16:04:31"}
{"message":"\u001b[35mGET 200 / Query params {} Body {} size 22 - 2.629 ms\u001b[39m\n\u001b[35m\u001b[39m","level":"\u001b[35mhttp\u001b[39m","timestamp":"06-15 16:04:47"}
{"message":"\u001b[35mGET 403 /favicon.ico Query params {} Body {} size 56 - 1.454 ms\u001b[39m\n\u001b[35m\u001b[39m","level":"\u001b[35mhttp\u001b[39m","timestamp":"06-15 16:04:47"}
{"message":"\u001b[35mGET 200 / Query params {} Body {} size 19 - 3.154 ms\u001b[39m\n\u001b[35m\u001b[39m","level":"\u001b[35mhttp\u001b[39m","timestamp":"06-15 20:34:59"}
{"message":"\u001b[35mGET 403 /favicon.ico Query params {} Body {} size 56 - 0.785 ms\u001b[39m\n\u001b[35m\u001b[39m","level":"\u001b[35mhttp\u001b[39m","timestamp":"06-15 20:35:00"}
{"message":"\u001b[31muncaughtException, reason: Error: listen EADDRINUSE: address already in use :::4000 uncaughtException\u001b[39m","level":"\u001b[31merror\u001b[39m","timestamp":"06-15 18:03:26"}
{"message":"\u001b[35mGET 200 / Query params {} Body {} size 19 - 3.520 ms\u001b[39m\n\u001b[35m\u001b[39m","level":"\u001b[35mhttp\u001b[39m","timestamp":"06-16 11:34:46"}
{"message":"\u001b[35mGET 403 /favicon.ico Query params {} Body {} size 56 - 2.287 ms\u001b[39m\n\u001b[35m\u001b[39m","level":"\u001b[35mhttp\u001b[39m","timestamp":"06-16 11:34:46"}
{"message":"\u001b[31muncaughtException, reason: Error: listen EADDRINUSE: address already in use :::4000 uncaughtException\u001b[39m","level":"\u001b[31merror\u001b[39m","timestamp":"06-16 16:30:20"}
{"message":"\u001b[31muncaughtException, reason: Error: listen EADDRINUSE: address already in use :::4000 uncaughtException\u001b[39m","level":"\u001b[31merror\u001b[39m","timestamp":"06-16 16:30:48"}
{"message":"\u001b[35mGET 200 / Query params {} Body {} size 19 - 6.853 ms\u001b[39m\n\u001b[35m\u001b[39m","level":"\u001b[35mhttp\u001b[39m","timestamp":"06-16 16:32:25"}
{"message":"\u001b[35mGET 403 /favicon.ico Query params {} Body {} size 56 - 1.787 ms\u001b[39m\n\u001b[35m\u001b[39m","level":"\u001b[35mhttp\u001b[39m","timestamp":"06-16 16:32:26"}
{"message":"\u001b[35mGET 304 / Query params {} Body {} size - - 5.244 ms\u001b[39m\n\u001b[35m\u001b[39m","level":"\u001b[35mhttp\u001b[39m","timestamp":"06-16 16:36:38"}
{"message":"\u001b[35mGET 403 /favicon.ico Query params {} Body {} size 56 - 1.297 ms\u001b[39m\n\u001b[35m\u001b[39m","level":"\u001b[35mhttp\u001b[39m","timestamp":"06-16 16:36:38"}
{"message":"\u001b[35mGET 200 / Query params {} Body {} size 19 - 5.434 ms\u001b[39m\n\u001b[35m\u001b[39m","level":"\u001b[35mhttp\u001b[39m","timestamp":"06-16 13:41:03"}
{"message":"\u001b[35mGET 403 /favicon.ico Query params {} Body {} size 56 - 1.070 ms\u001b[39m\n\u001b[35m\u001b[39m","level":"\u001b[35mhttp\u001b[39m","timestamp":"06-16 13:41:03"}
{"message":"\u001b[35mGET 304 / Query params {} Body {} size - - 11.054 ms\u001b[39m\n\u001b[35m\u001b[39m","level":"\u001b[35mhttp\u001b[39m","timestamp":"06-16 16:34:31"}
{"message":"\u001b[35mGET 403 /favicon.ico Query params {} Body {} size 56 - 1.805 ms\u001b[39m\n\u001b[35m\u001b[39m","level":"\u001b[35mhttp\u001b[39m","timestamp":"06-16 16:34:31"}
{"message":"\u001b[35mGET 304 / Query params {} Body {} size - - 3.971 ms\u001b[39m\n\u001b[35m\u001b[39m","level":"\u001b[35mhttp\u001b[39m","timestamp":"06-17 16:24:20"}
{"message":"\u001b[35mGET 403 /favicon.ico Query params {} Body {} size 56 - 1.282 ms\u001b[39m\n\u001b[35m\u001b[39m","level":"\u001b[35mhttp\u001b[39m","timestamp":"06-17 16:24:20"}
{"message":"\u001b[35mGET 304 / Query params {} Body {} size - - 3.042 ms\u001b[39m\n\u001b[35m\u001b[39m","level":"\u001b[35mhttp\u001b[39m","timestamp":"06-17 16:49:40"}
{"message":"\u001b[35mGET 403 /favicon.ico Query params {} Body {} size 56 - 2.715 ms\u001b[39m\n\u001b[35m\u001b[39m","level":"\u001b[35mhttp\u001b[39m","timestamp":"06-17 16:49:40"}
{"message":"\u001b[35mGET 304 /users Query params {} Body {} size - - 114.810 ms\u001b[39m\n\u001b[35m\u001b[39m","level":"\u001b[35mhttp\u001b[39m","timestamp":"06-17 16:49:51"}
{"message":"\u001b[35mGET 403 /favicon.ico Query params {} Body {} size 56 - 0.892 ms\u001b[39m\n\u001b[35m\u001b[39m","level":"\u001b[35mhttp\u001b[39m","timestamp":"06-17 16:49:51"}
{"message":"\u001b[35mGET 200 /users Query params {} Body {} size 2 - 88.050 ms\u001b[39m\n\u001b[35m\u001b[39m","level":"\u001b[35mhttp\u001b[39m","timestamp":"06-17 16:51:40"}
{"message":"\u001b[35mPOST 201 /users Query params {} Body {} size 123 - 90.050 ms\u001b[39m\n\u001b[35m\u001b[39m","level":"\u001b[35mhttp\u001b[39m","timestamp":"06-17 16:57:20"}
{"message":"\u001b[35mGET 200 /users Query params {} Body {} size 33 - 101.380 ms\u001b[39m\n\u001b[35m\u001b[39m","level":"\u001b[35mhttp\u001b[39m","timestamp":"06-17 16:58:23"}
{"message":"\u001b[35mGET 200 /users Query params {} Body {} size 33 - 128.966 ms\u001b[39m\n\u001b[35m\u001b[39m","level":"\u001b[35mhttp\u001b[39m","timestamp":"06-17 17:27:05"}
{"message":"\u001b[35mGET 403 /favicon.ico Query params {} Body {} size 56 - 1.171 ms\u001b[39m\n\u001b[35m\u001b[39m","level":"\u001b[35mhttp\u001b[39m","timestamp":"06-17 17:27:05"}
{"message":"\u001b[35mGET 200 / Query params {} Body {} size 19 - 3.809 ms\u001b[39m\n\u001b[35m\u001b[39m","level":"\u001b[35mhttp\u001b[39m","timestamp":"06-17 17:41:48"}
{"message":"\u001b[35mGET 403 /favicon.ico Query params {} Body {} size 56 - 1.254 ms\u001b[39m\n\u001b[35m\u001b[39m","level":"\u001b[35mhttp\u001b[39m","timestamp":"06-17 17:41:48"}
{"message":"\u001b[35mGET 200 / Query params {} Body {} size 19 - 0.605 ms\u001b[39m\n\u001b[35m\u001b[39m","level":"\u001b[35mhttp\u001b[39m","timestamp":"06-17 17:42:32"}
{"message":"\u001b[35mGET 200 /users Query params {} Body {} size 2 - 89.836 ms\u001b[39m\n\u001b[35m\u001b[39m","level":"\u001b[35mhttp\u001b[39m","timestamp":"06-17 17:42:41"}
{"message":"\u001b[31munhandledRejection, reason: QueryFailedError: null value in column \"name\" of relation \"user\" violates not-null constraint [object Promise]\u001b[39m","level":"\u001b[31merror\u001b[39m","timestamp":"06-17 17:42:49"}
{"message":"\u001b[31munhandledRejection, reason: QueryFailedError: null value in column \"login\" of relation \"user\" violates not-null constraint [object Promise]\u001b[39m","level":"\u001b[31merror\u001b[39m","timestamp":"06-17 17:45:39"}
{"message":"\u001b[31munhandledRejection, reason: QueryFailedError: null value in column \"login\" of relation \"user\" violates not-null constraint [object Promise]\u001b[39m","level":"\u001b[31merror\u001b[39m","timestamp":"06-17 17:47:40"}
{"message":"\u001b[31munhandledRejection, reason: QueryFailedError: null value in column \"login\" of relation \"user\" violates not-null constraint [object Promise]\u001b[39m","level":"\u001b[31merror\u001b[39m","timestamp":"06-17 17:49:13"}
{"message":"\u001b[31munhandledRejection, reason: QueryFailedError: null value in column \"login\" of relation \"user\" violates not-null constraint [object Promise]\u001b[39m","level":"\u001b[31merror\u001b[39m","timestamp":"06-17 17:52:26"}
{"message":"\u001b[31munhandledRejection, reason: QueryFailedError: null value in column \"login\" of relation \"user\" violates not-null constraint [object Promise]\u001b[39m","level":"\u001b[31merror\u001b[39m","timestamp":"06-17 17:55:21"}
{"message":"\u001b[35mGET 304 / Query params {} Body {} size - - 3.509 ms\u001b[39m\n\u001b[35m\u001b[39m","level":"\u001b[35mhttp\u001b[39m","timestamp":"06-17 18:11:44"}
{"message":"\u001b[35mGET 403 /favicon.ico Query params {} Body {} size 56 - 1.416 ms\u001b[39m\n\u001b[35m\u001b[39m","level":"\u001b[35mhttp\u001b[39m","timestamp":"06-17 18:11:44"}
{"message":"\u001b[35mGET 200 /users Query params {} Body {} size 2 - 19.075 ms\u001b[39m\n\u001b[35m\u001b[39m","level":"\u001b[35mhttp\u001b[39m","timestamp":"06-17 18:11:53"}
{"message":"\u001b[31munhandledRejection, reason: QueryFailedError: null value in column \"login\" of relation \"user\" violates not-null constraint [object Promise]\u001b[39m","level":"\u001b[31merror\u001b[39m","timestamp":"06-17 18:11:58"}
{"message":"\u001b[35mPOST - /users Query params {} Body {} size - - - ms\u001b[39m\n\u001b[35m\u001b[39m","level":"\u001b[35mhttp\u001b[39m","timestamp":"06-17 18:14:35"}
{"message":"\u001b[35mPOST 201 /users Query params {} Body {\"name\":\"TEST_USER\",\"login\":\"test_user\"\"password\":\"***\"} size 147 - 117.981 ms\u001b[39m\n\u001b[35m\u001b[39m","level":"\u001b[35mhttp\u001b[39m","timestamp":"06-17 18:14:37"}
{"message":"\u001b[35mGET 200 /users Query params {} Body {\"name\":\"TEST_USER\",\"login\":\"test_user\"\"password\":\"***\"} size 49 - 82.010 ms\u001b[39m\n\u001b[35m\u001b[39m","level":"\u001b[35mhttp\u001b[39m","timestamp":"06-17 18:14:50"}
{"message":"\u001b[35mPOST 201 /users Query params {} Body {\"name\":\"TEST_USER\",\"login\":\"test_user\"\"password\":\"***\"} size 147 - 100.438 ms\u001b[39m\n\u001b[35m\u001b[39m","level":"\u001b[35mhttp\u001b[39m","timestamp":"06-17 18:15:01"}
{"message":"\u001b[35mGET 200 /users Query params {} Body {\"name\":\"TEST_USER\",\"login\":\"test_user\"\"password\":\"***\"} size 2 - 21.250 ms\u001b[39m\n\u001b[35m\u001b[39m","level":"\u001b[35mhttp\u001b[39m","timestamp":"06-17 18:47:01"}
{"message":"\u001b[35mPOST 201 /users Query params {} Body {\"name\":\"TEST_USER\",\"login\":\"test_user\"\"password\":\"***\"} size 69 - 137.529 ms\u001b[39m\n\u001b[35m\u001b[39m","level":"\u001b[35mhttp\u001b[39m","timestamp":"06-17 18:47:14"}
{"message":"\u001b[35mPUT 403 /users/1 Query params {} Body {\"name\":\"TEST_USER\",\"login\":\"test_user\"\"password\":\"***\"} size 56 - 1.185 ms\u001b[39m\n\u001b[35m\u001b[39m","level":"\u001b[35mhttp\u001b[39m","timestamp":"06-17 18:47:33"}
{"message":"\u001b[35mGET 403 /users/1 Query params {} Body {\"name\":\"TEST_USER\",\"login\":\"test_user\"\"password\":\"***\"} size 56 - 0.988 ms\u001b[39m\n\u001b[35m\u001b[39m","level":"\u001b[35mhttp\u001b[39m","timestamp":"06-17 18:47:44"}
{"message":"\u001b[35mGET 200 /users Query params {} Body {\"name\":\"TEST_USER\",\"login\":\"test_user\"\"password\":\"***\"} size 49 - 20.579 ms\u001b[39m\n\u001b[35m\u001b[39m","level":"\u001b[35mhttp\u001b[39m","timestamp":"06-17 18:53:51"}
{"message":"\u001b[35mPOST 201 /users Query params {} Body {\"name\":\"TEST_USER\",\"login\":\"test_user\"\"password\":\"***\"} size 69 - 130.432 ms\u001b[39m\n\u001b[35m\u001b[39m","level":"\u001b[35mhttp\u001b[39m","timestamp":"06-17 18:54:10"}
{"message":"\u001b[35mPOST 201 /users Query params {} Body {\"name\":\"TEST_USER\",\"login\":\"test_user\"\"password\":\"***\"} size 69 - 32.452 ms\u001b[39m\n\u001b[35m\u001b[39m","level":"\u001b[35mhttp\u001b[39m","timestamp":"06-17 18:54:11"}
{"message":"\u001b[35mGET 200 /users Query params {} Body {\"name\":\"TEST_USER\",\"login\":\"test_user\"\"password\":\"***\"} size 145 - 6.362 ms\u001b[39m\n\u001b[35m\u001b[39m","level":"\u001b[35mhttp\u001b[39m","timestamp":"06-17 18:54:15"}
{"message":"\u001b[35mPUT 200 /users/2 Query params {\"id\":\"2\"} Body {\"name\":\"TEST_USER\",\"login\":\"test_user\"\"password\":\"***\"} size 2 - 107.462 ms\u001b[39m\n\u001b[35m\u001b[39m","level":"\u001b[35mhttp\u001b[39m","timestamp":"06-17 18:54:27"}
{"message":"\u001b[35mPUT 200 /users/2 Query params {\"id\":\"2\"} Body {\"name\":\"TEST_USER\",\"login\":\"test_user\"\"password\":\"***\"} size 2 - 77.063 ms\u001b[39m\n\u001b[35m\u001b[39m","level":"\u001b[35mhttp\u001b[39m","timestamp":"06-17 18:56:11"}
{"message":"\u001b[35mPUT 200 /users/2 Query params {\"id\":\"2\"} Body {\"name\":\"TEST_USER\",\"login\":\"test_user\"\"password\":\"***\"} size 2 - 67.314 ms\u001b[39m\n\u001b[35m\u001b[39m","level":"\u001b[35mhttp\u001b[39m","timestamp":"06-17 18:57:29"}
{"message":"\u001b[35mPUT 200 /users/2 Query params {\"id\":\"2\"} Body {\"name\":\"TEST_USER 3434\",\"login\":\"test_user\"\"password\":\"***\"} size 2 - 108.433 ms\u001b[39m\n\u001b[35m\u001b[39m","level":"\u001b[35mhttp\u001b[39m","timestamp":"06-17 18:58:15"}
{"message":"\u001b[35mPUT 200 /users/2 Query params {\"id\":\"2\"} Body {\"name\":\"TEST_USER 3434\",\"login\":\"test_user\"\"password\":\"***\"} size 74 - 38.530 ms\u001b[39m\n\u001b[35m\u001b[39m","level":"\u001b[35mhttp\u001b[39m","timestamp":"06-17 19:05:09"}
{"message":"\u001b[35mGET 200 /users/ Query params {} Body {\"name\":\"TEST_USER 3434\",\"login\":\"test_user\"\"password\":\"***\"} size 150 - 84.107 ms\u001b[39m\n\u001b[35m\u001b[39m","level":"\u001b[35mhttp\u001b[39m","timestamp":"06-17 19:05:30"}
{"message":"\u001b[35mGET 200 /users/ Query params {} Body {\"name\":\"TEST_USER 3434\",\"login\":\"test_user\"\"password\":\"***\"} size 150 - 23.983 ms\u001b[39m\n\u001b[35m\u001b[39m","level":"\u001b[35mhttp\u001b[39m","timestamp":"06-17 19:13:59"}
{"message":"\u001b[35mDELETE 403 /users/2 Query params {} Body {\"name\":\"TEST_USER 3434\",\"login\":\"test_user\"\"password\":\"***\"} size 56 - 1.780 ms\u001b[39m\n\u001b[35m\u001b[39m","level":"\u001b[35mhttp\u001b[39m","timestamp":"06-17 19:14:09"}
{"message":"\u001b[35mDELETE 204 /users/2 Query params {\"id\":\"2\"} Body {\"name\":\"TEST_USER 3434\",\"login\":\"test_user\"\"password\":\"***\"} size - - 48.155 ms\u001b[39m\n\u001b[35m\u001b[39m","level":"\u001b[35mhttp\u001b[39m","timestamp":"06-17 19:15:57"}
{"message":"\u001b[35mGET 403 /users/2 Query params {} Body {\"name\":\"TEST_USER 3434\",\"login\":\"test_user\"\"password\":\"***\"} size 56 - 1.284 ms\u001b[39m\n\u001b[35m\u001b[39m","level":"\u001b[35mhttp\u001b[39m","timestamp":"06-17 19:16:21"}
{"message":"\u001b[35mGET 200 /users/ Query params {} Body {\"name\":\"TEST_USER 3434\",\"login\":\"test_user\"\"password\":\"***\"} size 97 - 96.245 ms\u001b[39m\n\u001b[35m\u001b[39m","level":"\u001b[35mhttp\u001b[39m","timestamp":"06-17 19:16:25"}
{"message":"\u001b[35mGET 200 /users/ Query params {} Body {\"name\":\"TEST_USER 3434\",\"login\":\"test_user\"\"password\":\"***\"} size 97 - 25.040 ms\u001b[39m\n\u001b[35m\u001b[39m","level":"\u001b[35mhttp\u001b[39m","timestamp":"06-17 19:29:21"}
{"message":"\u001b[35mDELETE 204 /users/3 Query params {\"id\":\"3\"} Body {\"name\":\"TEST_USER 3434\",\"login\":\"test_user\"\"password\":\"***\"} size - - 39.949 ms\u001b[39m\n\u001b[35m\u001b[39m","level":"\u001b[35mhttp\u001b[39m","timestamp":"06-17 19:29:29"}
{"message":"\u001b[35mGET 200 /users/ Query params {} Body {\"name\":\"TEST_USER 3434\",\"login\":\"test_user\"\"password\":\"***\"} size 49 - 9.045 ms\u001b[39m\n\u001b[35m\u001b[39m","level":"\u001b[35mhttp\u001b[39m","timestamp":"06-17 19:29:38"}
{"message":"\u001b[35mGET 200 /users/1 Query params {\"id\":\"1\"} Body {\"name\":\"TEST_USER 3434\",\"login\":\"test_user\"\"password\":\"***\"} size 69 - 13.025 ms\u001b[39m\n\u001b[35m\u001b[39m","level":"\u001b[35mhttp\u001b[39m","timestamp":"06-17 19:29:45"}
{"message":"\u001b[35mPOST 403 /users/1 Query params {} Body {\"name\":\"TEST_USER 3434\",\"login\":\"test_user\"\"password\":\"***\"} size 56 - 1.208 ms\u001b[39m\n\u001b[35m\u001b[39m","level":"\u001b[35mhttp\u001b[39m","timestamp":"06-17 19:29:56"}
{"message":"\u001b[35mPOST 201 /users/ Query params {} Body {\"name\":\"TEST_USER 3434\",\"login\":\"test_user\"\"password\":\"***\"} size 74 - 118.953 ms\u001b[39m\n\u001b[35m\u001b[39m","level":"\u001b[35mhttp\u001b[39m","timestamp":"06-17 19:30:02"}
{"message":"\u001b[35mPOST 201 /users/ Query params {} Body {\"name\":\"TEST_USER 3434\",\"login\":\"test_user\"\"password\":\"***\"} size 74 - 29.507 ms\u001b[39m\n\u001b[35m\u001b[39m","level":"\u001b[35mhttp\u001b[39m","timestamp":"06-17 19:30:04"}
{"message":"\u001b[35mPOST 201 /users/ Query params {} Body {\"name\":\"TEST_USER 3434\",\"login\":\"test_user\"\"password\":\"***\"} size 74 - 29.790 ms\u001b[39m\n\u001b[35m\u001b[39m","level":"\u001b[35mhttp\u001b[39m","timestamp":"06-17 19:30:05"}
{"message":"\u001b[35mGET 200 /users/ Query params {} Body {\"name\":\"TEST_USER 3434\",\"login\":\"test_user\"\"password\":\"***\"} size 208 - 9.055 ms\u001b[39m\n\u001b[35m\u001b[39m","level":"\u001b[35mhttp\u001b[39m","timestamp":"06-17 19:30:11"}
{"message":"\u001b[35mDELETE 204 /users/5 Query params {\"id\":\"5\"} Body {\"name\":\"TEST_USER 3434\",\"login\":\"test_user\"\"password\":\"***\"} size - - 82.422 ms\u001b[39m\n\u001b[35m\u001b[39m","level":"\u001b[35mhttp\u001b[39m","timestamp":"06-17 19:30:25"}
{"message":"\u001b[35mGET 200 /users Query params {} Body {} size 155 - 69.385 ms\u001b[39m\n\u001b[35m\u001b[39m","level":"\u001b[35mhttp\u001b[39m","timestamp":"06-17 19:30:48"}
{"message":"\u001b[31munhandledRejection, reason: QueryFailedError: value too long for type character varying(10) [object Promise]\u001b[39m","level":"\u001b[31merror\u001b[39m","timestamp":"06-17 19:30:48"}
{"message":"\u001b[31munhandledRejection, reason: QueryFailedError: value too long for type character varying(10) [object Promise]\u001b[39m","level":"\u001b[31merror\u001b[39m","timestamp":"06-17 19:30:53"}
{"message":"\u001b[31munhandledRejection, reason: QueryFailedError: value too long for type character varying(10) [object Promise]\u001b[39m","level":"\u001b[31merror\u001b[39m","timestamp":"06-17 19:30:58"}
{"message":"\u001b[31munhandledRejection, reason: QueryFailedError: value too long for type character varying(10) [object Promise]\u001b[39m","level":"\u001b[31merror\u001b[39m","timestamp":"06-17 19:31:03"}
{"message":"\u001b[31munhandledRejection, reason: QueryFailedError: value too long for type character varying(10) [object Promise]\u001b[39m","level":"\u001b[31merror\u001b[39m","timestamp":"06-17 19:31:08"}
{"message":"\u001b[35mPOST 201 /boards Query params {} Body {\"title\":\"Autotest board\",\"columns\":[{\"title\":\"Backlog\",\"order\":1},{\"title\":\"Sprint\",\"order\":2}]} size 141 - 0.886 ms\u001b[39m\n\u001b[35m\u001b[39m","level":"\u001b[35mhttp\u001b[39m","timestamp":"06-17 19:31:13"}
{"message":"\u001b[35mGET 200 /boards Query params {} Body {} size 305 - 0.771 ms\u001b[39m\n\u001b[35m\u001b[39m","level":"\u001b[35mhttp\u001b[39m","timestamp":"06-17 19:31:13"}
{"message":"\u001b[35mGET 200 /boards Query params {} Body {} size 305 - 0.394 ms\u001b[39m\n\u001b[35m\u001b[39m","level":"\u001b[35mhttp\u001b[39m","timestamp":"06-17 19:31:13"}
{"message":"\u001b[35mGET 403 /boards/8f7924d3-b3ad-4fb4-8191-b426e093f791 Query params {} Body {} size 141 - 0.921 ms\u001b[39m\n\u001b[35m\u001b[39m","level":"\u001b[35mhttp\u001b[39m","timestamp":"06-17 19:31:13"}
{"message":"\u001b[35mPOST 201 /boards Query params {} Body {\"title\":\"Autotest board\",\"columns\":[{\"title\":\"Backlog\",\"order\":1},{\"title\":\"Sprint\",\"order\":2}]} size 141 - 0.620 ms\u001b[39m\n\u001b[35m\u001b[39m","level":"\u001b[35mhttp\u001b[39m","timestamp":"06-17 19:31:13"}
{"message":"\u001b[35mDELETE 204 /boards/8f9a2ef5-7830-4f41-b9fa-a62d1cc04cae Query params {\"id\":\"8f9a2ef5-7830-4f41-b9fa-a62d1cc04cae\"} Body {} size - - 2.217 ms\u001b[39m\n\u001b[35m\u001b[39m","level":"\u001b[35mhttp\u001b[39m","timestamp":"06-17 19:31:13"}
{"message":"\u001b[35mPOST 201 /boards Query params {} Body {\"title\":\"Autotest board\",\"columns\":[{\"title\":\"Backlog\",\"order\":1},{\"title\":\"Sprint\",\"order\":2}]} size 141 - 1.207 ms\u001b[39m\n\u001b[35m\u001b[39m","level":"\u001b[35mhttp\u001b[39m","timestamp":"06-17 19:31:13"}
{"message":"\u001b[35mPUT 200 /boards/69f81bb3-552f-421f-b772-992a55c9ebf5 Query params {\"id\":\"69f81bb3-552f-421f-b772-992a55c9ebf5\"} Body {\"id\":\"69f81bb3-552f-421f-b772-992a55c9ebf5\",\"title\":\"Autotest updated board\",\"columns\":[{\"title\":\"Backlog\",\"order\":1},{\"title\":\"Sprint\",\"order\":2}]} size 149 - 1.410 ms\u001b[39m\n\u001b[35m\u001b[39m","level":"\u001b[35mhttp\u001b[39m","timestamp":"06-17 19:31:13"}
{"message":"\u001b[35mGET 403 /boards/69f81bb3-552f-421f-b772-992a55c9ebf5 Query params {} Body {} size 149 - 0.536 ms\u001b[39m\n\u001b[35m\u001b[39m","level":"\u001b[35mhttp\u001b[39m","timestamp":"06-17 19:31:13"}
{"message":"\u001b[35mDELETE 204 /boards/69f81bb3-552f-421f-b772-992a55c9ebf5 Query params {\"id\":\"69f81bb3-552f-421f-b772-992a55c9ebf5\"} Body {} size - - 4.847 ms\u001b[39m\n\u001b[35m\u001b[39m","level":"\u001b[35mhttp\u001b[39m","timestamp":"06-17 19:31:13"}
{"message":"\u001b[35mPOST 201 /boards Query params {} Body {\"title\":\"Autotest board\",\"columns\":[{\"title\":\"Backlog\",\"order\":1},{\"title\":\"Sprint\",\"order\":2}]} size 141 - 0.456 ms\u001b[39m\n\u001b[35m\u001b[39m","level":"\u001b[35mhttp\u001b[39m","timestamp":"06-17 19:31:13"}
{"message":"\u001b[35mDELETE 204 /boards/c5235204-6c0c-4632-a3be-12fe464a8d9d Query params {\"id\":\"c5235204-6c0c-4632-a3be-12fe464a8d9d\"} Body {} size - - 1.141 ms\u001b[39m\n\u001b[35m\u001b[39m","level":"\u001b[35mhttp\u001b[39m","timestamp":"06-17 19:31:13"}
{"message":"\u001b[35mGET 404 /boards/c5235204-6c0c-4632-a3be-12fe464a8d9d Query params {} Body {} size 68 - 0.565 ms\u001b[39m\n\u001b[35m\u001b[39m","level":"\u001b[35mhttp\u001b[39m","timestamp":"06-17 19:31:13"}
{"message":"\u001b[35mPOST 201 /boards Query params {} Body {\"title\":\"Autotest board\",\"columns\":[{\"title\":\"Backlog\",\"order\":1},{\"title\":\"Sprint\",\"order\":2}]} size 141 - 0.485 ms\u001b[39m\n\u001b[35m\u001b[39m","level":"\u001b[35mhttp\u001b[39m","timestamp":"06-17 19:31:13"}
{"message":"\u001b[35mPOST 201 /boards/5bc083ae-f086-4a37-9614-345ae7b189e5/tasks Query params {\"boardId\":\"5bc083ae-f086-4a37-9614-345ae7b189e5\"} Body {\"title\":\"Task #2\",\"order\":2,\"description\":\"Lorem ipsum\",\"boardId\":\"5bc083ae-f086-4a37-9614-345ae7b189e5\",\"userId\":null,\"columnId\":null} size 180 - 2.326 ms\u001b[39m\n\u001b[35m\u001b[39m","level":"\u001b[35mhttp\u001b[39m","timestamp":"06-17 19:31:13"}
{"message":"\u001b[35mPOST 201 /boards/5bc083ae-f086-4a37-9614-345ae7b189e5/tasks Query params {\"boardId\":\"5bc083ae-f086-4a37-9614-345ae7b189e5\"} Body {\"title\":\"Task #3\",\"order\":3,\"description\":\"Lorem ipsum\",\"boardId\":\"5bc083ae-f086-4a37-9614-345ae7b189e5\",\"userId\":null,\"columnId\":null} size 180 - 0.608 ms\u001b[39m\n\u001b[35m\u001b[39m","level":"\u001b[35mhttp\u001b[39m","timestamp":"06-17 19:31:13"}
{"message":"\u001b[35mPOST 201 /boards/5bc083ae-f086-4a37-9614-345ae7b189e5/tasks Query params {\"boardId\":\"5bc083ae-f086-4a37-9614-345ae7b189e5\"} Body {\"title\":\"Task #1\",\"order\":1,\"description\":\"Lorem ipsum\",\"boardId\":\"5bc083ae-f086-4a37-9614-345ae7b189e5\",\"userId\":null,\"columnId\":null} size 180 - 0.681 ms\u001b[39m\n\u001b[35m\u001b[39m","level":"\u001b[35mhttp\u001b[39m","timestamp":"06-17 19:31:13"}
{"message":"\u001b[35mPOST 201 /boards/5bc083ae-f086-4a37-9614-345ae7b189e5/tasks Query params {\"boardId\":\"5bc083ae-f086-4a37-9614-345ae7b189e5\"} Body {\"title\":\"Task #5\",\"order\":5,\"description\":\"Lorem ipsum\",\"boardId\":\"5bc083ae-f086-4a37-9614-345ae7b189e5\",\"userId\":null,\"columnId\":null} size 180 - 0.602 ms\u001b[39m\n\u001b[35m\u001b[39m","level":"\u001b[35mhttp\u001b[39m","timestamp":"06-17 19:31:13"}
{"message":"\u001b[35mPOST 201 /boards/5bc083ae-f086-4a37-9614-345ae7b189e5/tasks Query params {\"boardId\":\"5bc083ae-f086-4a37-9614-345ae7b189e5\"} Body {\"title\":\"Task #4\",\"order\":4,\"description\":\"Lorem ipsum\",\"boardId\":\"5bc083ae-f086-4a37-9614-345ae7b189e5\",\"userId\":null,\"columnId\":null} size 180 - 1.311 ms\u001b[39m\n\u001b[35m\u001b[39m","level":"\u001b[35mhttp\u001b[39m","timestamp":"06-17 19:31:13"}
{"message":"\u001b[35mGET 200 /boards/5bc083ae-f086-4a37-9614-345ae7b189e5/tasks/8da93b78-ada6-4d09-a8eb-23e4d996206c Query params {\"boardId\":\"5bc083ae-f086-4a37-9614-345ae7b189e5\"} Body {} size 180 - 0.923 ms\u001b[39m\n\u001b[35m\u001b[39m","level":"\u001b[35mhttp\u001b[39m","timestamp":"06-17 19:31:13"}
{"message":"\u001b[35mGET 200 /boards/5bc083ae-f086-4a37-9614-345ae7b189e5/tasks/46f2216e-1301-4556-80fd-1cb289a250bb Query params {\"boardId\":\"5bc083ae-f086-4a37-9614-345ae7b189e5\"} Body {} size 180 - 0.610 ms\u001b[39m\n\u001b[35m\u001b[39m","level":"\u001b[35mhttp\u001b[39m","timestamp":"06-17 19:31:13"}
{"message":"\u001b[35mGET 200 /boards/5bc083ae-f086-4a37-9614-345ae7b189e5/tasks/4859313a-9ddb-4bb5-a284-e5cc395c8a5f Query params {\"boardId\":\"5bc083ae-f086-4a37-9614-345ae7b189e5\"} Body {} size 180 - 0.621 ms\u001b[39m\n\u001b[35m\u001b[39m","level":"\u001b[35mhttp\u001b[39m","timestamp":"06-17 19:31:13"}
{"message":"\u001b[35mGET 200 /boards/5bc083ae-f086-4a37-9614-345ae7b189e5/tasks/639ced2c-2a91-427a-8dd0-6e53f41539c6 Query params {\"boardId\":\"5bc083ae-f086-4a37-9614-345ae7b189e5\"} Body {} size 180 - 2.191 ms\u001b[39m\n\u001b[35m\u001b[39m","level":"\u001b[35mhttp\u001b[39m","timestamp":"06-17 19:31:13"}
{"message":"\u001b[35mGET 200 /boards/5bc083ae-f086-4a37-9614-345ae7b189e5/tasks/8b566a2b-6b92-4b27-a98f-69749227b069 Query params {\"boardId\":\"5bc083ae-f086-4a37-9614-345ae7b189e5\"} Body {} size 180 - 0.551 ms\u001b[39m\n\u001b[35m\u001b[39m","level":"\u001b[35mhttp\u001b[39m","timestamp":"06-17 19:31:13"}
{"message":"\u001b[35mDELETE 204 /boards/5bc083ae-f086-4a37-9614-345ae7b189e5 Query params {\"id\":\"5bc083ae-f086-4a37-9614-345ae7b189e5\"} Body {} size - - 1.060 ms\u001b[39m\n\u001b[35m\u001b[39m","level":"\u001b[35mhttp\u001b[39m","timestamp":"06-17 19:31:13"}
{"message":"\u001b[35mGET 404 /boards/5bc083ae-f086-4a37-9614-345ae7b189e5/tasks/8da93b78-ada6-4d09-a8eb-23e4d996206c Query params {} Body {} size 67 - 2.011 ms\u001b[39m\n\u001b[35m\u001b[39m","level":"\u001b[35mhttp\u001b[39m","timestamp":"06-17 19:31:13"}
{"message":"\u001b[35mGET 404 /boards/5bc083ae-f086-4a37-9614-345ae7b189e5/tasks/639ced2c-2a91-427a-8dd0-6e53f41539c6 Query params {} Body {} size 67 - 3.397 ms\u001b[39m\n\u001b[35m\u001b[39m","level":"\u001b[35mhttp\u001b[39m","timestamp":"06-17 19:31:13"}
{"message":"\u001b[35mGET 404 /boards/5bc083ae-f086-4a37-9614-345ae7b189e5/tasks/4859313a-9ddb-4bb5-a284-e5cc395c8a5f Query params {} Body {} size 67 - 6.696 ms\u001b[39m\n\u001b[35m\u001b[39m","level":"\u001b[35mhttp\u001b[39m","timestamp":"06-17 19:31:13"}
{"message":"\u001b[35mGET 404 /boards/5bc083ae-f086-4a37-9614-345ae7b189e5/tasks/8b566a2b-6b92-4b27-a98f-69749227b069 Query params {} Body {} size 67 - 8.638 ms\u001b[39m\n\u001b[35m\u001b[39m","level":"\u001b[35mhttp\u001b[39m","timestamp":"06-17 19:31:13"}
{"message":"\u001b[35mGET 404 /boards/5bc083ae-f086-4a37-9614-345ae7b189e5/tasks/46f2216e-1301-4556-80fd-1cb289a250bb Query params {} Body {} size 67 - 10.562 ms\u001b[39m\n\u001b[35m\u001b[39m","level":"\u001b[35mhttp\u001b[39m","timestamp":"06-17 19:31:13"}
{"message":"\u001b[35mDELETE 204 /boards/8f7924d3-b3ad-4fb4-8191-b426e093f791 Query params {\"id\":\"8f7924d3-b3ad-4fb4-8191-b426e093f791\"} Body {} size - - 1.933 ms\u001b[39m\n\u001b[35m\u001b[39m","level":"\u001b[35mhttp\u001b[39m","timestamp":"06-17 19:31:13"}
{"message":"\u001b[35mPOST 201 /boards Query params {} Body {\"title\":\"Autotest board\",\"columns\":[{\"title\":\"Backlog\",\"order\":1},{\"title\":\"Sprint\",\"order\":2}]} size 141 - 0.425 ms\u001b[39m\n\u001b[35m\u001b[39m","level":"\u001b[35mhttp\u001b[39m","timestamp":"06-17 19:31:14"}
{"message":"\u001b[35mPOST 201 /boards/db12a8a3-b9b4-4a78-b319-e040a9966a80/tasks Query params {\"boardId\":\"db12a8a3-b9b4-4a78-b319-e040a9966a80\"} Body {\"title\":\"Autotest task\",\"order\":0,\"description\":\"Lorem ipsum\",\"userId\":null,\"boardId\":null,\"columnId\":null} size 186 - 0.623 ms\u001b[39m\n\u001b[35m\u001b[39m","level":"\u001b[35mhttp\u001b[39m","timestamp":"06-17 19:31:14"}
{"message":"\u001b[35mGET 200 /boards/db12a8a3-b9b4-4a78-b319-e040a9966a80/tasks Query params {\"boardId\":\"db12a8a3-b9b4-4a78-b319-e040a9966a80\"} Body {} size 341 - 0.693 ms\u001b[39m\n\u001b[35m\u001b[39m","level":"\u001b[35mhttp\u001b[39m","timestamp":"06-17 19:31:14"}
{"message":"\u001b[35mGET 200 /boards/db12a8a3-b9b4-4a78-b319-e040a9966a80/tasks Query params {\"boardId\":\"db12a8a3-b9b4-4a78-b319-e040a9966a80\"} Body {} size 341 - 0.480 ms\u001b[39m\n\u001b[35m\u001b[39m","level":"\u001b[35mhttp\u001b[39m","timestamp":"06-17 19:31:14"}
{"message":"\u001b[35mGET 200 /boards/null/tasks/eae9373d-3b19-4b7a-bf64-6dc43ecf515f Query params {\"boardId\":\"null\"} Body {} size 152 - 0.599 ms\u001b[39m\n\u001b[35m\u001b[39m","level":"\u001b[35mhttp\u001b[39m","timestamp":"06-17 19:31:14"}
{"message":"\u001b[35mPOST 201 /boards/db12a8a3-b9b4-4a78-b319-e040a9966a80/tasks Query params {\"boardId\":\"db12a8a3-b9b4-4a78-b319-e040a9966a80\"} Body {\"title\":\"Autotest task\",\"order\":0,\"description\":\"Lorem ipsum\",\"userId\":null,\"boardId\":null,\"columnId\":null} size 186 - 3.686 ms\u001b[39m\n\u001b[35m\u001b[39m","level":"\u001b[35mhttp\u001b[39m","timestamp":"06-17 19:31:14"}
{"message":"\u001b[35mDELETE 204 /boards/db12a8a3-b9b4-4a78-b319-e040a9966a80/tasks/91d84f65-a28c-4168-82c9-4bb4f94a5d23 Query params {\"boardId\":\"db12a8a3-b9b4-4a78-b319-e040a9966a80\",\"id\":\"91d84f65-a28c-4168-82c9-4bb4f94a5d23\"} Body {} size - - 0.917 ms\u001b[39m\n\u001b[35m\u001b[39m","level":"\u001b[35mhttp\u001b[39m","timestamp":"06-17 19:31:14"}
{"message":"\u001b[35mPOST 201 /boards/db12a8a3-b9b4-4a78-b319-e040a9966a80/tasks Query params {\"boardId\":\"db12a8a3-b9b4-4a78-b319-e040a9966a80\"} Body {\"title\":\"Autotest task\",\"order\":0,\"description\":\"Lorem ipsum\",\"userId\":null,\"boardId\":null,\"columnId\":null} size 186 - 2.035 ms\u001b[39m\n\u001b[35m\u001b[39m","level":"\u001b[35mhttp\u001b[39m","timestamp":"06-17 19:31:14"}
{"message":"\u001b[35mPUT 200 /boards/db12a8a3-b9b4-4a78-b319-e040a9966a80/tasks/d6b8a440-4668-45b5-b6ff-290bad500433 Query params {\"boardId\":\"db12a8a3-b9b4-4a78-b319-e040a9966a80\",\"id\":\"d6b8a440-4668-45b5-b6ff-290bad500433\"} Body {\"id\":\"d6b8a440-4668-45b5-b6ff-290bad500433\",\"title\":\"Autotest updated task\",\"order\":0,\"description\":\"Lorem ipsum\",\"userId\":null,\"boardId\":\"db12a8a3-b9b4-4a78-b319-e040a9966a80\",\"columnId\":null} size 194 - 0.814 ms\u001b[39m\n\u001b[35m\u001b[39m","level":"\u001b[35mhttp\u001b[39m","timestamp":"06-17 19:31:14"}
{"message":"\u001b[35mGET 200 /boards/db12a8a3-b9b4-4a78-b319-e040a9966a80/tasks/d6b8a440-4668-45b5-b6ff-290bad500433 Query params {\"boardId\":\"db12a8a3-b9b4-4a78-b319-e040a9966a80\"} Body {} size 194 - 0.544 ms\u001b[39m\n\u001b[35m\u001b[39m","level":"\u001b[35mhttp\u001b[39m","timestamp":"06-17 19:31:14"}
{"message":"\u001b[35mGET 200 /boards/db12a8a3-b9b4-4a78-b319-e040a9966a80/tasks/5be8ac30-3981-4ab4-a16b-49cde4581e35 Query params {\"boardId\":\"db12a8a3-b9b4-4a78-b319-e040a9966a80\"} Body {} size 186 - 0.613 ms\u001b[39m\n\u001b[35m\u001b[39m","level":"\u001b[35mhttp\u001b[39m","timestamp":"06-17 19:31:14"}
{"message":"\u001b[35mDELETE 204 /boards/db12a8a3-b9b4-4a78-b319-e040a9966a80/tasks/5be8ac30-3981-4ab4-a16b-49cde4581e35 Query params {\"boardId\":\"db12a8a3-b9b4-4a78-b319-e040a9966a80\",\"id\":\"5be8ac30-3981-4ab4-a16b-49cde4581e35\"} Body {} size - - 2.841 ms\u001b[39m\n\u001b[35m\u001b[39m","level":"\u001b[35mhttp\u001b[39m","timestamp":"06-17 19:31:14"}
{"message":"\u001b[35mGET 404 /boards/db12a8a3-b9b4-4a78-b319-e040a9966a80/tasks/5be8ac30-3981-4ab4-a16b-49cde4581e35 Query params {} Body {} size 67 - 1.133 ms\u001b[39m\n\u001b[35m\u001b[39m","level":"\u001b[35mhttp\u001b[39m","timestamp":"06-17 19:31:14"}
{"message":"\u001b[35mDELETE 204 /boards/db12a8a3-b9b4-4a78-b319-e040a9966a80 Query params {\"id\":\"db12a8a3-b9b4-4a78-b319-e040a9966a80\"} Body {} size - - 1.034 ms\u001b[39m\n\u001b[35m\u001b[39m","level":"\u001b[35mhttp\u001b[39m","timestamp":"06-17 19:31:14"}
{"message":"\u001b[35mPOST - /users Query params {} Body {\"name\":\"TEST_USER\",\"login\":\"test_user\"\"password\":\"***\"} size - - - ms\u001b[39m\n\u001b[35m\u001b[39m","level":"\u001b[35mhttp\u001b[39m","timestamp":"06-17 19:31:55"}
{"message":"\u001b[35mPOST - /users Query params {} Body {\"name\":\"TEST_USER\",\"login\":\"test_user\"\"password\":\"***\"} size - - - ms\u001b[39m\n\u001b[35m\u001b[39m","level":"\u001b[35mhttp\u001b[39m","timestamp":"06-17 19:31:55"}
{"message":"\u001b[35mPOST - /users Query params {} Body {\"name\":\"TEST_USER\",\"login\":\"test_user\"\"password\":\"***\"} size - - - ms\u001b[39m\n\u001b[35m\u001b[39m","level":"\u001b[35mhttp\u001b[39m","timestamp":"06-17 19:31:55"}
{"message":"\u001b[35mPOST - /users Query params {} Body {\"name\":\"TEST_USER\",\"login\":\"test_user\"\"password\":\"***\"} size - - - ms\u001b[39m\n\u001b[35m\u001b[39m","level":"\u001b[35mhttp\u001b[39m","timestamp":"06-17 19:31:55"}
{"message":"\u001b[35mPOST - /users Query params {} Body {\"name\":\"TEST_USER\",\"login\":\"test_user\"\"password\":\"***\"} size - - - ms\u001b[39m\n\u001b[35m\u001b[39m","level":"\u001b[35mhttp\u001b[39m","timestamp":"06-17 19:31:55"}
{"message":"\u001b[35mDELETE 403 /users/ Query params {} Body {\"name\":\"TEST_USER 3434\",\"login\":\"test_user\"\"password\":\"***\"} size 56 - 8.694 ms\u001b[39m\n\u001b[35m\u001b[39m","level":"\u001b[35mhttp\u001b[39m","timestamp":"06-18 09:04:10"}
{"message":"\u001b[35mGET 200 /users/ Query params {} Body {\"name\":\"TEST_USER 3434\",\"login\":\"test_user\"\"password\":\"***\"} size 155 - 23.951 ms\u001b[39m\n\u001b[35m\u001b[39m","level":"\u001b[35mhttp\u001b[39m","timestamp":"06-18 09:04:17"}
{"message":"\u001b[35mGET 200 /users/4 Query params {\"id\":\"4\"} Body {\"name\":\"TEST_USER 3434\",\"login\":\"test_user\"\"password\":\"***\"} size 74 - 105.376 ms\u001b[39m\n\u001b[35m\u001b[39m","level":"\u001b[35mhttp\u001b[39m","timestamp":"06-18 09:05:46"}
{"message":"\u001b[35mGET 200 /users/4 Query params {\"id\":\"4\"} Body {\"name\":\"TEST_USER 3434\",\"login\":\"test_user\"\"password\":\"***\"} size 52 - 38.245 ms\u001b[39m\n\u001b[35m\u001b[39m","level":"\u001b[35mhttp\u001b[39m","timestamp":"06-18 09:11:34"}
{"message":"\u001b[35mGET 200 /users/ Query params {} Body {\"name\":\"TEST_USER 3434\",\"login\":\"test_user\"\"password\":\"***\"} size 155 - 22.177 ms\u001b[39m\n\u001b[35m\u001b[39m","level":"\u001b[35mhttp\u001b[39m","timestamp":"06-18 09:13:20"}
{"message":"\u001b[35mPOST 201 /users/ Query params {} Body {\"name\":\"TEST_USER 3434\",\"login\":\"test_user\"\"password\":\"***\"} size 111 - 77.056 ms\u001b[39m\n\u001b[35m\u001b[39m","level":"\u001b[35mhttp\u001b[39m","timestamp":"06-18 09:15:01"}
{"message":"\u001b[35mGET 200 /users Query params {} Body {} size 356 - 71.067 ms\u001b[39m\n\u001b[35m\u001b[39m","level":"\u001b[35mhttp\u001b[39m","timestamp":"06-18 09:15:46"}
{"message":"\u001b[31munhandledRejection, reason: QueryFailedError: value too long for type character varying(10) [object Promise]\u001b[39m","level":"\u001b[31merror\u001b[39m","timestamp":"06-18 09:15:46"}
{"message":"\u001b[31munhandledRejection, reason: QueryFailedError: value too long for type character varying(10) [object Promise]\u001b[39m","level":"\u001b[31merror\u001b[39m","timestamp":"06-18 09:15:51"}
{"message":"\u001b[31munhandledRejection, reason: QueryFailedError: value too long for type character varying(10) [object Promise]\u001b[39m","level":"\u001b[31merror\u001b[39m","timestamp":"06-18 09:15:56"}
{"message":"\u001b[31munhandledRejection, reason: QueryFailedError: value too long for type character varying(10) [object Promise]\u001b[39m","level":"\u001b[31merror\u001b[39m","timestamp":"06-18 09:16:01"}
{"message":"\u001b[31munhandledRejection, reason: QueryFailedError: value too long for type character varying(10) [object Promise]\u001b[39m","level":"\u001b[31merror\u001b[39m","timestamp":"06-18 09:16:06"}
{"message":"\u001b[35mPOST 201 /boards Query params {} Body {\"title\":\"Autotest board\",\"columns\":[{\"title\":\"Backlog\",\"order\":1},{\"title\":\"Sprint\",\"order\":2}]} size 141 - 1.049 ms\u001b[39m\n\u001b[35m\u001b[39m","level":"\u001b[35mhttp\u001b[39m","timestamp":"06-18 09:16:12"}
{"message":"\u001b[35mGET 200 /boards Query params {} Body {} size 305 - 1.095 ms\u001b[39m\n\u001b[35m\u001b[39m","level":"\u001b[35mhttp\u001b[39m","timestamp":"06-18 09:16:12"}
{"message":"\u001b[35mGET 200 /boards Query params {} Body {} size 305 - 0.554 ms\u001b[39m\n\u001b[35m\u001b[39m","level":"\u001b[35mhttp\u001b[39m","timestamp":"06-18 09:16:12"}
{"message":"\u001b[35mGET 403 /boards/eecf81e5-9038-499a-bf31-918602ad72b2 Query params {} Body {} size 141 - 1.039 ms\u001b[39m\n\u001b[35m\u001b[39m","level":"\u001b[35mhttp\u001b[39m","timestamp":"06-18 09:16:12"}
{"message":"\u001b[35mPOST 201 /boards Query params {} Body {\"title\":\"Autotest board\",\"columns\":[{\"title\":\"Backlog\",\"order\":1},{\"title\":\"Sprint\",\"order\":2}]} size 141 - 0.610 ms\u001b[39m\n\u001b[35m\u001b[39m","level":"\u001b[35mhttp\u001b[39m","timestamp":"06-18 09:16:12"}
{"message":"\u001b[35mDELETE 204 /boards/cd5964eb-9b49-46f4-95f3-b276c247314b Query params {\"id\":\"cd5964eb-9b49-46f4-95f3-b276c247314b\"} Body {} size - - 2.633 ms\u001b[39m\n\u001b[35m\u001b[39m","level":"\u001b[35mhttp\u001b[39m","timestamp":"06-18 09:16:12"}
{"message":"\u001b[35mPOST 201 /boards Query params {} Body {\"title\":\"Autotest board\",\"columns\":[{\"title\":\"Backlog\",\"order\":1},{\"title\":\"Sprint\",\"order\":2}]} size 141 - 0.594 ms\u001b[39m\n\u001b[35m\u001b[39m","level":"\u001b[35mhttp\u001b[39m","timestamp":"06-18 09:16:12"}
{"message":"\u001b[35mPUT 200 /boards/c81b5bfd-ff74-4daf-a33e-1074f64e3d4b Query params {\"id\":\"c81b5bfd-ff74-4daf-a33e-1074f64e3d4b\"} Body {\"id\":\"c81b5bfd-ff74-4daf-a33e-1074f64e3d4b\",\"title\":\"Autotest updated board\",\"columns\":[{\"title\":\"Backlog\",\"order\":1},{\"title\":\"Sprint\",\"order\":2}]} size 149 - 0.925 ms\u001b[39m\n\u001b[35m\u001b[39m","level":"\u001b[35mhttp\u001b[39m","timestamp":"06-18 09:16:12"}
{"message":"\u001b[35mGET 403 /boards/c81b5bfd-ff74-4daf-a33e-1074f64e3d4b Query params {} Body {} size 149 - 0.520 ms\u001b[39m\n\u001b[35m\u001b[39m","level":"\u001b[35mhttp\u001b[39m","timestamp":"06-18 09:16:12"}
{"message":"\u001b[35mDELETE 204 /boards/c81b5bfd-ff74-4daf-a33e-1074f64e3d4b Query params {\"id\":\"c81b5bfd-ff74-4daf-a33e-1074f64e3d4b\"} Body {} size - - 1.637 ms\u001b[39m\n\u001b[35m\u001b[39m","level":"\u001b[35mhttp\u001b[39m","timestamp":"06-18 09:16:12"}
{"message":"\u001b[35mPOST 201 /boards Query params {} Body {\"title\":\"Autotest board\",\"columns\":[{\"title\":\"Backlog\",\"order\":1},{\"title\":\"Sprint\",\"order\":2}]} size 141 - 0.542 ms\u001b[39m\n\u001b[35m\u001b[39m","level":"\u001b[35mhttp\u001b[39m","timestamp":"06-18 09:16:12"}
{"message":"\u001b[35mDELETE 204 /boards/4e3675b1-39b3-4a97-a2d1-785fa57983a6 Query params {\"id\":\"4e3675b1-39b3-4a97-a2d1-785fa57983a6\"} Body {} size - - 0.968 ms\u001b[39m\n\u001b[35m\u001b[39m","level":"\u001b[35mhttp\u001b[39m","timestamp":"06-18 09:16:12"}
{"message":"\u001b[35mGET 404 /boards/4e3675b1-39b3-4a97-a2d1-785fa57983a6 Query params {} Body {} size 68 - 0.821 ms\u001b[39m\n\u001b[35m\u001b[39m","level":"\u001b[35mhttp\u001b[39m","timestamp":"06-18 09:16:12"}
{"message":"\u001b[35mPOST 201 /boards Query params {} Body {\"title\":\"Autotest board\",\"columns\":[{\"title\":\"Backlog\",\"order\":1},{\"title\":\"Sprint\",\"order\":2}]} size 141 - 0.513 ms\u001b[39m\n\u001b[35m\u001b[39m","level":"\u001b[35mhttp\u001b[39m","timestamp":"06-18 09:16:12"}
{"message":"\u001b[35mPOST 201 /boards/2e969757-3959-4a52-9f24-65791573687a/tasks Query params {\"boardId\":\"2e969757-3959-4a52-9f24-65791573687a\"} Body {\"title\":\"Task #2\",\"order\":2,\"description\":\"Lorem ipsum\",\"boardId\":\"2e969757-3959-4a52-9f24-65791573687a\",\"userId\":null,\"columnId\":null} size 180 - 4.031 ms\u001b[39m\n\u001b[35m\u001b[39m","level":"\u001b[35mhttp\u001b[39m","timestamp":"06-18 09:16:12"}
{"message":"\u001b[35mPOST 201 /boards/2e969757-3959-4a52-9f24-65791573687a/tasks Query params {\"boardId\":\"2e969757-3959-4a52-9f24-65791573687a\"} Body {\"title\":\"Task #5\",\"order\":5,\"description\":\"Lorem ipsum\",\"boardId\":\"2e969757-3959-4a52-9f24-65791573687a\",\"userId\":null,\"columnId\":null} size 180 - 0.738 ms\u001b[39m\n\u001b[35m\u001b[39m","level":"\u001b[35mhttp\u001b[39m","timestamp":"06-18 09:16:12"}
{"message":"\u001b[35mPOST 201 /boards/2e969757-3959-4a52-9f24-65791573687a/tasks Query params {\"boardId\":\"2e969757-3959-4a52-9f24-65791573687a\"} Body {\"title\":\"Task #4\",\"order\":4,\"description\":\"Lorem ipsum\",\"boardId\":\"2e969757-3959-4a52-9f24-65791573687a\",\"userId\":null,\"columnId\":null} size 180 - 0.720 ms\u001b[39m\n\u001b[35m\u001b[39m","level":"\u001b[35mhttp\u001b[39m","timestamp":"06-18 09:16:12"}
{"message":"\u001b[35mPOST 201 /boards/2e969757-3959-4a52-9f24-65791573687a/tasks Query params {\"boardId\":\"2e969757-3959-4a52-9f24-65791573687a\"} Body {\"title\":\"Task #3\",\"order\":3,\"description\":\"Lorem ipsum\",\"boardId\":\"2e969757-3959-4a52-9f24-65791573687a\",\"userId\":null,\"columnId\":null} size 180 - 3.233 ms\u001b[39m\n\u001b[35m\u001b[39m","level":"\u001b[35mhttp\u001b[39m","timestamp":"06-18 09:16:12"}
{"message":"\u001b[35mPOST 201 /boards/2e969757-3959-4a52-9f24-65791573687a/tasks Query params {\"boardId\":\"2e969757-3959-4a52-9f24-65791573687a\"} Body {\"title\":\"Task #1\",\"order\":1,\"description\":\"Lorem ipsum\",\"boardId\":\"2e969757-3959-4a52-9f24-65791573687a\",\"userId\":null,\"columnId\":null} size 180 - 0.684 ms\u001b[39m\n\u001b[35m\u001b[39m","level":"\u001b[35mhttp\u001b[39m","timestamp":"06-18 09:16:12"}
{"message":"\u001b[35mGET 200 /boards/2e969757-3959-4a52-9f24-65791573687a/tasks/9e7ca581-e9ed-490a-a848-5c7fcb164d21 Query params {\"boardId\":\"2e969757-3959-4a52-9f24-65791573687a\"} Body {} size 180 - 1.085 ms\u001b[39m\n\u001b[35m\u001b[39m","level":"\u001b[35mhttp\u001b[39m","timestamp":"06-18 09:16:12"}
{"message":"\u001b[35mGET 200 /boards/2e969757-3959-4a52-9f24-65791573687a/tasks/51b3b397-fabf-46bf-b974-7436d8c0a3e8 Query params {\"boardId\":\"2e969757-3959-4a52-9f24-65791573687a\"} Body {} size 180 - 0.657 ms\u001b[39m\n\u001b[35m\u001b[39m","level":"\u001b[35mhttp\u001b[39m","timestamp":"06-18 09:16:12"}
{"message":"\u001b[35mGET 200 /boards/2e969757-3959-4a52-9f24-65791573687a/tasks/96ebe80e-718a-4116-8596-f09c476631af Query params {\"boardId\":\"2e969757-3959-4a52-9f24-65791573687a\"} Body {} size 180 - 0.652 ms\u001b[39m\n\u001b[35m\u001b[39m","level":"\u001b[35mhttp\u001b[39m","timestamp":"06-18 09:16:12"}
{"message":"\u001b[35mGET 200 /boards/2e969757-3959-4a52-9f24-65791573687a/tasks/ef5d2045-bba9-480e-984f-720479f905dc Query params {\"boardId\":\"2e969757-3959-4a52-9f24-65791573687a\"} Body {} size 180 - 0.896 ms\u001b[39m\n\u001b[35m\u001b[39m","level":"\u001b[35mhttp\u001b[39m","timestamp":"06-18 09:16:12"}
{"message":"\u001b[35mGET 200 /boards/2e969757-3959-4a52-9f24-65791573687a/tasks/97e85849-c673-430d-a2c4-b6982612c866 Query params {\"boardId\":\"2e969757-3959-4a52-9f24-65791573687a\"} Body {} size 180 - 0.518 ms\u001b[39m\n\u001b[35m\u001b[39m","level":"\u001b[35mhttp\u001b[39m","timestamp":"06-18 09:16:12"}
{"message":"\u001b[35mDELETE 204 /boards/2e969757-3959-4a52-9f24-65791573687a Query params {\"id\":\"2e969757-3959-4a52-9f24-65791573687a\"} Body {} size - - 1.142 ms\u001b[39m\n\u001b[35m\u001b[39m","level":"\u001b[35mhttp\u001b[39m","timestamp":"06-18 09:16:12"}
{"message":"\u001b[35mGET 404 /boards/2e969757-3959-4a52-9f24-65791573687a/tasks/9e7ca581-e9ed-490a-a848-5c7fcb164d21 Query params {} Body {} size 67 - 1.395 ms\u001b[39m\n\u001b[35m\u001b[39m","level":"\u001b[35mhttp\u001b[39m","timestamp":"06-18 09:16:12"}
{"message":"\u001b[35mGET 404 /boards/2e969757-3959-4a52-9f24-65791573687a/tasks/96ebe80e-718a-4116-8596-f09c476631af Query params {} Body {} size 67 - 2.668 ms\u001b[39m\n\u001b[35m\u001b[39m","level":"\u001b[35mhttp\u001b[39m","timestamp":"06-18 09:16:12"}
{"message":"\u001b[35mGET 404 /boards/2e969757-3959-4a52-9f24-65791573687a/tasks/51b3b397-fabf-46bf-b974-7436d8c0a3e8 Query params {} Body {} size 67 - 3.284 ms\u001b[39m\n\u001b[35m\u001b[39m","level":"\u001b[35mhttp\u001b[39m","timestamp":"06-18 09:16:12"}
{"message":"\u001b[35mGET 404 /boards/2e969757-3959-4a52-9f24-65791573687a/tasks/ef5d2045-bba9-480e-984f-720479f905dc Query params {} Body {} size 67 - 5.993 ms\u001b[39m\n\u001b[35m\u001b[39m","level":"\u001b[35mhttp\u001b[39m","timestamp":"06-18 09:16:12"}
{"message":"\u001b[35mGET 404 /boards/2e969757-3959-4a52-9f24-65791573687a/tasks/97e85849-c673-430d-a2c4-b6982612c866 Query params {} Body {} size 67 - 0.915 ms\u001b[39m\n\u001b[35m\u001b[39m","level":"\u001b[35mhttp\u001b[39m","timestamp":"06-18 09:16:12"}
{"message":"\u001b[35mDELETE 204 /boards/eecf81e5-9038-499a-bf31-918602ad72b2 Query params {\"id\":\"eecf81e5-9038-499a-bf31-918602ad72b2\"} Body {} size - - 0.993 ms\u001b[39m\n\u001b[35m\u001b[39m","level":"\u001b[35mhttp\u001b[39m","timestamp":"06-18 09:16:12"}
{"message":"\u001b[35mPOST 201 /boards Query params {} Body {\"title\":\"Autotest board\",\"columns\":[{\"title\":\"Backlog\",\"order\":1},{\"title\":\"Sprint\",\"order\":2}]} size 141 - 0.701 ms\u001b[39m\n\u001b[35m\u001b[39m","level":"\u001b[35mhttp\u001b[39m","timestamp":"06-18 09:16:12"}
{"message":"\u001b[35mPOST 201 /boards/4d7afa66-6df7-4144-a461-b9e9511eec97/tasks Query params {\"boardId\":\"4d7afa66-6df7-4144-a461-b9e9511eec97\"} Body {\"title\":\"Autotest task\",\"order\":0,\"description\":\"Lorem ipsum\",\"userId\":null,\"boardId\":null,\"columnId\":null} size 186 - 2.196 ms\u001b[39m\n\u001b[35m\u001b[39m","level":"\u001b[35mhttp\u001b[39m","timestamp":"06-18 09:16:12"}
{"message":"\u001b[35mGET 200 /boards/4d7afa66-6df7-4144-a461-b9e9511eec97/tasks Query params {\"boardId\":\"4d7afa66-6df7-4144-a461-b9e9511eec97\"} Body {} size 341 - 1.883 ms\u001b[39m\n\u001b[35m\u001b[39m","level":"\u001b[35mhttp\u001b[39m","timestamp":"06-18 09:16:12"}
{"message":"\u001b[35mGET 200 /boards/4d7afa66-6df7-4144-a461-b9e9511eec97/tasks Query params {\"boardId\":\"4d7afa66-6df7-4144-a461-b9e9511eec97\"} Body {} size 341 - 0.734 ms\u001b[39m\n\u001b[35m\u001b[39m","level":"\u001b[35mhttp\u001b[39m","timestamp":"06-18 09:16:13"}
{"message":"\u001b[35mGET 200 /boards/null/tasks/595e68dd-7955-468e-a770-60d07b981ae0 Query params {\"boardId\":\"null\"} Body {} size 152 - 0.644 ms\u001b[39m\n\u001b[35m\u001b[39m","level":"\u001b[35mhttp\u001b[39m","timestamp":"06-18 09:16:13"}
{"message":"\u001b[35mPOST 201 /boards/4d7afa66-6df7-4144-a461-b9e9511eec97/tasks Query params {\"boardId\":\"4d7afa66-6df7-4144-a461-b9e9511eec97\"} Body {\"title\":\"Autotest task\",\"order\":0,\"description\":\"Lorem ipsum\",\"userId\":null,\"boardId\":null,\"columnId\":null} size 186 - 6.244 ms\u001b[39m\n\u001b[35m\u001b[39m","level":"\u001b[35mhttp\u001b[39m","timestamp":"06-18 09:16:13"}
{"message":"\u001b[35mDELETE 204 /boards/4d7afa66-6df7-4144-a461-b9e9511eec97/tasks/9286af73-0a81-41b1-b477-140d46a1bc2b Query params {\"boardId\":\"4d7afa66-6df7-4144-a461-b9e9511eec97\",\"id\":\"9286af73-0a81-41b1-b477-140d46a1bc2b\"} Body {} size - - 1.383 ms\u001b[39m\n\u001b[35m\u001b[39m","level":"\u001b[35mhttp\u001b[39m","timestamp":"06-18 09:16:13"}
{"message":"\u001b[35mPOST 201 /boards/4d7afa66-6df7-4144-a461-b9e9511eec97/tasks Query params {\"boardId\":\"4d7afa66-6df7-4144-a461-b9e9511eec97\"} Body {\"title\":\"Autotest task\",\"order\":0,\"description\":\"Lorem ipsum\",\"userId\":null,\"boardId\":null,\"columnId\":null} size 186 - 0.904 ms\u001b[39m\n\u001b[35m\u001b[39m","level":"\u001b[35mhttp\u001b[39m","timestamp":"06-18 09:16:13"}
{"message":"\u001b[35mPUT 200 /boards/4d7afa66-6df7-4144-a461-b9e9511eec97/tasks/7f9b2189-422e-4c33-9f20-d76bd2dac183 Query params {\"boardId\":\"4d7afa66-6df7-4144-a461-b9e9511eec97\",\"id\":\"7f9b2189-422e-4c33-9f20-d76bd2dac183\"} Body {\"id\":\"7f9b2189-422e-4c33-9f20-d76bd2dac183\",\"title\":\"Autotest updated task\",\"order\":0,\"description\":\"Lorem ipsum\",\"userId\":null,\"boardId\":\"4d7afa66-6df7-4144-a461-b9e9511eec97\",\"columnId\":null} size 194 - 1.770 ms\u001b[39m\n\u001b[35m\u001b[39m","level":"\u001b[35mhttp\u001b[39m","timestamp":"06-18 09:16:13"}
{"message":"\u001b[35mGET 200 /boards/4d7afa66-6df7-4144-a461-b9e9511eec97/tasks/7f9b2189-422e-4c33-9f20-d76bd2dac183 Query params {\"boardId\":\"4d7afa66-6df7-4144-a461-b9e9511eec97\"} Body {} size 194 - 1.037 ms\u001b[39m\n\u001b[35m\u001b[39m","level":"\u001b[35mhttp\u001b[39m","timestamp":"06-18 09:16:13"}
{"message":"\u001b[35mGET 200 /boards/4d7afa66-6df7-4144-a461-b9e9511eec97/tasks/ccdaa4b6-13c0-4d38-87b5-a0fe5017da2c Query params {\"boardId\":\"4d7afa66-6df7-4144-a461-b9e9511eec97\"} Body {} size 186 - 0.902 ms\u001b[39m\n\u001b[35m\u001b[39m","level":"\u001b[35mhttp\u001b[39m","timestamp":"06-18 09:16:13"}
{"message":"\u001b[35mDELETE 204 /boards/4d7afa66-6df7-4144-a461-b9e9511eec97/tasks/ccdaa4b6-13c0-4d38-87b5-a0fe5017da2c Query params {\"boardId\":\"4d7afa66-6df7-4144-a461-b9e9511eec97\",\"id\":\"ccdaa4b6-13c0-4d38-87b5-a0fe5017da2c\"} Body {} size - - 1.429 ms\u001b[39m\n\u001b[35m\u001b[39m","level":"\u001b[35mhttp\u001b[39m","timestamp":"06-18 09:16:13"}
{"message":"\u001b[35mGET 404 /boards/4d7afa66-6df7-4144-a461-b9e9511eec97/tasks/ccdaa4b6-13c0-4d38-87b5-a0fe5017da2c Query params {} Body {} size 67 - 1.052 ms\u001b[39m\n\u001b[35m\u001b[39m","level":"\u001b[35mhttp\u001b[39m","timestamp":"06-18 09:16:13"}
{"message":"\u001b[35mDELETE 204 /boards/4d7afa66-6df7-4144-a461-b9e9511eec97 Query params {\"id\":\"4d7afa66-6df7-4144-a461-b9e9511eec97\"} Body {} size - - 2.849 ms\u001b[39m\n\u001b[35m\u001b[39m","level":"\u001b[35mhttp\u001b[39m","timestamp":"06-18 09:16:13"}
{"message":"\u001b[35mPOST 201 /users/ Query params {} Body {\"name\":\"TEST_USER 3434\",\"login\":\"test_user\"\"password\":\"***\"} size 111 - 96.211 ms\u001b[39m\n\u001b[35m\u001b[39m","level":"\u001b[35mhttp\u001b[39m","timestamp":"06-18 09:17:36"}
{"message":"\u001b[35mPOST 201 /users/ Query params {} Body {\"name\":\"TEST_USER 3434\",\"login\":\"test_user\"\"password\":\"***\"} size 111 - 73.876 ms\u001b[39m\n\u001b[35m\u001b[39m","level":"\u001b[35mhttp\u001b[39m","timestamp":"06-18 09:17:48"}
{"message":"\u001b[35mPOST 201 /users/ Query params {} Body {\"name\":\"TEST_USER 3434\",\"login\":\"test_user\"\"password\":\"***\"} size 111 - 12.398 ms\u001b[39m\n\u001b[35m\u001b[39m","level":"\u001b[35mhttp\u001b[39m","timestamp":"06-18 09:17:49"}
{"message":"\u001b[35mPOST 201 /users/ Query params {} Body {\"name\":\"TEST_USER 3434\",\"login\":\"test_user\"\"password\":\"***\"} size 111 - 41.451 ms\u001b[39m\n\u001b[35m\u001b[39m","level":"\u001b[35mhttp\u001b[39m","timestamp":"06-18 09:17:50"}
{"message":"\u001b[35mPOST 201 /users/ Query params {} Body {\"name\":\"TEST_USER 3434\",\"login\":\"test_user\"\"password\":\"***\"} size 111 - 22.832 ms\u001b[39m\n\u001b[35m\u001b[39m","level":"\u001b[35mhttp\u001b[39m","timestamp":"06-18 09:17:51"}
{"message":"\u001b[35mGET 200 /users/ Query params {} Body {\"name\":\"TEST_USER 3434\",\"login\":\"test_user\"\"password\":\"***\"} size 806 - 10.072 ms\u001b[39m\n\u001b[35m\u001b[39m","level":"\u001b[35mhttp\u001b[39m","timestamp":"06-18 09:17:56"}
{"message":"\u001b[35mGET 200 /users/09da5f4f-cddf-46aa-9d69-3e2c6b9369c5 Query params {\"id\":\"09da5f4f-cddf-46aa-9d69-3e2c6b9369c5\"} Body {\"name\":\"TEST_USER 3434\",\"login\":\"test_user\"\"password\":\"***\"} size 84 - 90.345 ms\u001b[39m\n\u001b[35m\u001b[39m","level":"\u001b[35mhttp\u001b[39m","timestamp":"06-18 09:18:17"}
{"message":"\u001b[35mDELETE 204 /users/09da5f4f-cddf-46aa-9d69-3e2c6b9369c5 Query params {\"id\":\"09da5f4f-cddf-46aa-9d69-3e2c6b9369c5\"} Body {\"name\":\"TEST_USER 3434\",\"login\":\"test_user\"\"password\":\"***\"} size - - 24.878 ms\u001b[39m\n\u001b[35m\u001b[39m","level":"\u001b[35mhttp\u001b[39m","timestamp":"06-18 09:18:25"}
{"message":"\u001b[35mPOST - /users Query params {} Body {\"name\":\"TEST_USER\",\"login\":\"test_user\"\"password\":\"***\"} size - - - ms\u001b[39m\n\u001b[35m\u001b[39m","level":"\u001b[35mhttp\u001b[39m","timestamp":"06-18 09:18:33"}
{"message":"\u001b[35mPOST - /users Query params {} Body {\"name\":\"TEST_USER\",\"login\":\"test_user\"\"password\":\"***\"} size - - - ms\u001b[39m\n\u001b[35m\u001b[39m","level":"\u001b[35mhttp\u001b[39m","timestamp":"06-18 09:18:33"}
{"message":"\u001b[35mPOST - /users Query params {} Body {\"name\":\"TEST_USER\",\"login\":\"test_user\"\"password\":\"***\"} size - - - ms\u001b[39m\n\u001b[35m\u001b[39m","level":"\u001b[35mhttp\u001b[39m","timestamp":"06-18 09:18:33"}
{"message":"\u001b[35mPOST - /users Query params {} Body {\"name\":\"TEST_USER\",\"login\":\"test_user\"\"password\":\"***\"} size - - - ms\u001b[39m\n\u001b[35m\u001b[39m","level":"\u001b[35mhttp\u001b[39m","timestamp":"06-18 09:18:33"}
{"message":"\u001b[35mPOST - /users Query params {} Body {\"name\":\"TEST_USER\",\"login\":\"test_user\"\"password\":\"***\"} size - - - ms\u001b[39m\n\u001b[35m\u001b[39m","level":"\u001b[35mhttp\u001b[39m","timestamp":"06-18 09:18:33"}
{"message":"\u001b[35mGET 403 /favicon.ico Query params {} Body {} size 56 - 0.482 ms\u001b[39m\n\u001b[35m\u001b[39m","level":"\u001b[35mhttp\u001b[39m","timestamp":"06-18 09:18:52"}
{"message":"\u001b[35mGET 200 /boards/ Query params {} Body {\"title\":\"board\",\"columns\":[{\"id\":null,\"title\":\"Backlog\",\"order\":1},{\"id\":null,\"title\":\"Sprint\",\"order\":2}]} size 163 - 4.411 ms\u001b[39m\n\u001b[35m\u001b[39m","level":"\u001b[35mhttp\u001b[39m","timestamp":"06-18 09:42:26"}
{"message":"\u001b[35mPOST 201 /boards/ Query params {} Body {\"title\":\"board\",\"columns\":[{\"id\":null,\"title\":\"Backlog\",\"order\":1},{\"id\":null,\"title\":\"Sprint\",\"order\":2}]} size 152 - 2.902 ms\u001b[39m\n\u001b[35m\u001b[39m","level":"\u001b[35mhttp\u001b[39m","timestamp":"06-18 09:42:38"}
{"message":"\u001b[35mPOST 201 /boards/ Query params {} Body {\"title\":\"board\",\"columns\":[{\"id\":null,\"title\":\"Backlog\",\"order\":1},{\"id\":null,\"title\":\"Sprint\",\"order\":2}]} size 152 - 0.592 ms\u001b[39m\n\u001b[35m\u001b[39m","level":"\u001b[35mhttp\u001b[39m","timestamp":"06-18 09:42:42"}
{"message":"\u001b[35mPOST 201 /boards/ Query params {} Body {\"title\":\"board\",\"columns\":[{\"id\":null,\"title\":\"Backlog\",\"order\":1},{\"id\":null,\"title\":\"Sprint\",\"order\":2}]} size 152 - 2.173 ms\u001b[39m\n\u001b[35m\u001b[39m","level":"\u001b[35mhttp\u001b[39m","timestamp":"06-18 09:42:43"}
{"message":"\u001b[35mPOST 201 /boards/ Query params {} Body {\"title\":\"board\",\"columns\":[{\"id\":null,\"title\":\"Backlog\",\"order\":1},{\"id\":null,\"title\":\"Sprint\",\"order\":2}]} size 152 - 0.450 ms\u001b[39m\n\u001b[35m\u001b[39m","level":"\u001b[35mhttp\u001b[39m","timestamp":"06-18 09:42:44"}
{"message":"\u001b[35mPOST 201 /boards/ Query params {} Body {\"title\":\"board\",\"columns\":[{\"id\":null,\"title\":\"Backlog\",\"order\":1},{\"id\":null,\"title\":\"Sprint\",\"order\":2}]} size 152 - 0.532 ms\u001b[39m\n\u001b[35m\u001b[39m","level":"\u001b[35mhttp\u001b[39m","timestamp":"06-18 09:42:45"}
{"message":"\u001b[35mGET 200 /boards/ Query params {} Body {\"title\":\"board\",\"columns\":[{\"id\":null,\"title\":\"Backlog\",\"order\":1},{\"id\":null,\"title\":\"Sprint\",\"order\":2}]} size 928 - 0.493 ms\u001b[39m\n\u001b[35m\u001b[39m","level":"\u001b[35mhttp\u001b[39m","timestamp":"06-18 09:42:52"}
{"message":"\u001b[35mGET 403 /boards/0d6bf7f0-781c-4a8e-963c-cc321728d71f Query params {} Body {\"title\":\"board\",\"columns\":[{\"id\":null,\"title\":\"Backlog\",\"order\":1},{\"id\":null,\"title\":\"Sprint\",\"order\":2}]} size 161 - 1.230 ms\u001b[39m\n\u001b[35m\u001b[39m","level":"\u001b[35mhttp\u001b[39m","timestamp":"06-18 09:43:16"}
{"message":"\u001b[35mPUT 200 /boards/0d6bf7f0-781c-4a8e-963c-cc321728d71f Query params {\"id\":\"0d6bf7f0-781c-4a8e-963c-cc321728d71f\"} Body {\"title\":\"board test\",\"columns\":[{\"id\":null,\"title\":\"Backlog\",\"order\":1},{\"id\":null,\"title\":\"Sprint\",\"order\":2}]} size 157 - 0.841 ms\u001b[39m\n\u001b[35m\u001b[39m","level":"\u001b[35mhttp\u001b[39m","timestamp":"06-18 09:43:36"}
{"message":"\u001b[35mDELETE 204 /boards/0d6bf7f0-781c-4a8e-963c-cc321728d71f Query params {\"id\":\"0d6bf7f0-781c-4a8e-963c-cc321728d71f\"} Body {\"title\":\"board test\",\"columns\":[{\"id\":null,\"title\":\"Backlog\",\"order\":1},{\"id\":null,\"title\":\"Sprint\",\"order\":2}]} size - - 4.446 ms\u001b[39m\n\u001b[35m\u001b[39m","level":"\u001b[35mhttp\u001b[39m","timestamp":"06-18 09:43:59"}
{"message":"\u001b[35mGET 200 /boards/ Query params {} Body {\"title\":\"board test\",\"columns\":[{\"id\":null,\"title\":\"Backlog\",\"order\":1},{\"id\":null,\"title\":\"Sprint\",\"order\":2}]} size 766 - 0.464 ms\u001b[39m\n\u001b[35m\u001b[39m","level":"\u001b[35mhttp\u001b[39m","timestamp":"06-18 09:44:10"}
{"message":"\u001b[35mGET 200 /boards/ Query params {} Body {\"title\":\"board test\",\"columns\":[{\"id\":null,\"title\":\"Backlog\",\"order\":1},{\"id\":null,\"title\":\"Sprint\",\"order\":2}]} size 2 - 17.168 ms\u001b[39m\n\u001b[35m\u001b[39m","level":"\u001b[35mhttp\u001b[39m","timestamp":"06-18 10:05:43"}
{"message":"\u001b[31munhandledRejection, reason: QueryFailedError: value too long for type character varying(50) [object Promise]\u001b[39m","level":"\u001b[31merror\u001b[39m","timestamp":"06-18 10:05:56"}
{"message":"\u001b[31munhandledRejection, reason: QueryFailedError: value too long for type character varying(50) [object Promise]\u001b[39m","level":"\u001b[31merror\u001b[39m","timestamp":"06-18 10:07:26"}
{"message":"\u001b[35mGET 200 /boards/ Query params {} Body {\"title\":\"board test\",\"columns\":[{\"id\":null,\"title\":\"Backlog\",\"order\":1},{\"id\":null,\"title\":\"Sprint\",\"order\":2}]} size 2 - 16.340 ms\u001b[39m\n\u001b[35m\u001b[39m","level":"\u001b[35mhttp\u001b[39m","timestamp":"06-18 10:09:20"}
{"message":"\u001b[35mPOST 201 /boards/ Query params {} Body {\"title\":\"board test\",\"columns\":[{\"id\":null,\"title\":\"Backlog\",\"order\":1},{\"id\":null,\"title\":\"Sprint\",\"order\":2}]} size 157 - 60.310 ms\u001b[39m\n\u001b[35m\u001b[39m","level":"\u001b[35mhttp\u001b[39m","timestamp":"06-18 10:09:25"}
{"message":"\u001b[35mPOST 201 /boards/ Query params {} Body {\"title\":\"board test\",\"columns\":[{\"id\":null,\"title\":\"Backlog\",\"order\":1},{\"id\":null,\"title\":\"Sprint\",\"order\":2}]} size 157 - 53.564 ms\u001b[39m\n\u001b[35m\u001b[39m","level":"\u001b[35mhttp\u001b[39m","timestamp":"06-18 10:09:31"}
{"message":"\u001b[35mPOST 201 /boards/ Query params {} Body {\"title\":\"board test\",\"columns\":[{\"id\":null,\"title\":\"Backlog\",\"order\":1},{\"id\":null,\"title\":\"Sprint\",\"order\":2}]} size 157 - 44.778 ms\u001b[39m\n\u001b[35m\u001b[39m","level":"\u001b[35mhttp\u001b[39m","timestamp":"06-18 10:09:33"}
{"message":"\u001b[35mGET 200 /boards/ Query params {} Body {\"title\":\"board test\",\"columns\":[{\"id\":null,\"title\":\"Backlog\",\"order\":1},{\"id\":null,\"title\":\"Sprint\",\"order\":2}]} size 649 - 10.356 ms\u001b[39m\n\u001b[35m\u001b[39m","level":"\u001b[35mhttp\u001b[39m","timestamp":"06-18 10:09:38"}
{"message":"\u001b[35mGET 200 /boards/211202f1-837d-4287-97c1-06486f972cc2 Query params {\"id\":\"211202f1-837d-4287-97c1-06486f972cc2\"} Body {\"title\":\"board test\",\"columns\":[{\"id\":null,\"title\":\"Backlog\",\"order\":1},{\"id\":null,\"title\":\"Sprint\",\"order\":2}]} size 215 - 38.436 ms\u001b[39m\n\u001b[35m\u001b[39m","level":"\u001b[35mhttp\u001b[39m","timestamp":"06-18 10:25:16"}
{"message":"\u001b[35mDELETE 204 /boards/211202f1-837d-4287-97c1-06486f972cc2 Query params {\"id\":\"211202f1-837d-4287-97c1-06486f972cc2\"} Body {\"title\":\"board test\",\"columns\":[{\"id\":null,\"title\":\"Backlog\",\"order\":1},{\"id\":null,\"title\":\"Sprint\",\"order\":2}]} size - - 49.585 ms\u001b[39m\n\u001b[35m\u001b[39m","level":"\u001b[35mhttp\u001b[39m","timestamp":"06-18 10:28:40"}
{"message":"\u001b[35mPUT 200 /boards/211202f1-837d-4287-97c1-06486f972cc2 Query params {\"id\":\"211202f1-837d-4287-97c1-06486f972cc2\"} Body {\"title\":\"board test rtrt\",\"columns\":[{\"id\":null,\"title\":\"Backlog\",\"order\":1},{\"id\":null,\"title\":\"Sprint\",\"order\":2}]} size 11 - 91.004 ms\u001b[39m\n\u001b[35m\u001b[39m","level":"\u001b[35mhttp\u001b[39m","timestamp":"06-18 10:29:02"}
{"message":"\u001b[35mGET 200 /boards/ Query params {} Body {\"title\":\"board test rtrt\",\"columns\":[{\"id\":null,\"title\":\"Backlog\",\"order\":1},{\"id\":null,\"title\":\"Sprint\",\"order\":2}]} size 433 - 9.823 ms\u001b[39m\n\u001b[35m\u001b[39m","level":"\u001b[35mhttp\u001b[39m","timestamp":"06-18 10:29:12"}
{"message":"\u001b[35mGET 200 /boards/3a1abd62-d182-458d-bf98-6a94cf3a5e2b Query params {\"id\":\"3a1abd62-d182-458d-bf98-6a94cf3a5e2b\"} Body {\"title\":\"board test rtrt\",\"columns\":[{\"id\":null,\"title\":\"Backlog\",\"order\":1},{\"id\":null,\"title\":\"Sprint\",\"order\":2}]} size 215 - 87.763 ms\u001b[39m\n\u001b[35m\u001b[39m","level":"\u001b[35mhttp\u001b[39m","timestamp":"06-18 10:29:24"}
{"message":"\u001b[35mPUT 200 /boards/3a1abd62-d182-458d-bf98-6a94cf3a5e2b Query params {\"id\":\"3a1abd62-d182-458d-bf98-6a94cf3a5e2b\"} Body {\"title\":\"board test rtrt\",\"columns\":[{\"id\":null,\"title\":\"Backlog\",\"order\":1},{\"id\":null,\"title\":\"Sprint\",\"order\":2}]} size 162 - 65.982 ms\u001b[39m\n\u001b[35m\u001b[39m","level":"\u001b[35mhttp\u001b[39m","timestamp":"06-18 10:29:31"}
{"message":"\u001b[35mGET 200 /boards/3a1abd62-d182-458d-bf98-6a94cf3a5e2b Query params {\"id\":\"3a1abd62-d182-458d-bf98-6a94cf3a5e2b\"} Body {\"title\":\"board test rtrt\",\"columns\":[{\"id\":null,\"title\":\"Backlog\",\"order\":1},{\"id\":null,\"title\":\"Sprint\",\"order\":2}]} size 220 - 83.329 ms\u001b[39m\n\u001b[35m\u001b[39m","level":"\u001b[35mhttp\u001b[39m","timestamp":"06-18 10:29:56"}
{"message":"\u001b[35mGET 200 /boards/ Query params {} Body {\"title\":\"board test rtrt\",\"columns\":[{\"id\":null,\"title\":\"Backlog\",\"order\":1},{\"id\":null,\"title\":\"Sprint\",\"order\":2}]} size 438 - 7.557 ms\u001b[39m\n\u001b[35m\u001b[39m","level":"\u001b[35mhttp\u001b[39m","timestamp":"06-18 10:30:05"}
{"message":"\u001b[35mGET 200 /boards/3a1abd62-d182-458d-bf98-6a94cf3a5e2b Query params {\"id\":\"3a1abd62-d182-458d-bf98-6a94cf3a5e2b\"} Body {\"title\":\"board test rtrt\",\"columns\":[{\"id\":null,\"title\":\"Backlog\",\"order\":1},{\"id\":null,\"title\":\"Sprint\",\"order\":2}]} size 220 - 81.287 ms\u001b[39m\n\u001b[35m\u001b[39m","level":"\u001b[35mhttp\u001b[39m","timestamp":"06-18 10:32:36"}
{"message":"\u001b[35mDELETE 204 /boards/3a1abd62-d182-458d-bf98-6a94cf3a5e2b Query params {\"id\":\"3a1abd62-d182-458d-bf98-6a94cf3a5e2b\"} Body {\"title\":\"board test rtrt\",\"columns\":[{\"id\":null,\"title\":\"Backlog\",\"order\":1},{\"id\":null,\"title\":\"Sprint\",\"order\":2}]} size - - 14.162 ms\u001b[39m\n\u001b[35m\u001b[39m","level":"\u001b[35mhttp\u001b[39m","timestamp":"06-18 10:32:41"}
